<?xml version="1.0" encoding="UTF-8"?>
<!-- Generated by org.testng.reporters.JUnitReportReporter -->
<testsuite hostname="INPF0YUTG5" failures="0" tests="2" name="com.lscp.qa.testcases.HomePageTest" time="248.753" errors="0" timestamp="2021-07-15T15:50:03 IST" skipped="0">
  <testcase classname="com.lscp.qa.testcases.HomePageTest" name="verifyHomePageTitleTest" time="119.697"/>
  <system-out/>
  <testcase classname="com.lscp.qa.testcases.HomePageTest" name="verifyAdminLinkTest" time="129.056"/>
  <system-out/>
</testsuite> <!-- com.lscp.qa.testcases.HomePageTest -->
