<?xml version="1.0" encoding="UTF-8"?>
<!-- Generated by org.testng.reporters.JUnitReportReporter -->
<testsuite hostname="INPF0YUTG5" failures="0" tests="1" name="com.lscp.qa.testcases.Search_PageTest" time="141.974" errors="0" timestamp="2021-07-17T12:49:04 IST" skipped="0">
  <testcase classname="com.lscp.qa.testcases.Search_PageTest" name="verifySearchLabel" time="141.974"/>
  <system-out/>
</testsuite> <!-- com.lscp.qa.testcases.Search_PageTest -->
