<?xml version="1.0" encoding="UTF-8"?>
<!-- Generated by org.testng.reporters.JUnitReportReporter -->
<testsuite hostname="INPF0YUTG5" failures="0" tests="3" name="com.lscp.qa.testcases.LoginPageTest" time="77.374" errors="0" timestamp="2021-07-14T16:33:18 IST" skipped="0">
  <testcase classname="com.lscp.qa.testcases.LoginPageTest" name="loginPageTitleTest" time="29.089"/>
  <system-out/>
  <testcase classname="com.lscp.qa.testcases.LoginPageTest" name="DXClogoimgTest" time="23.279"/>
  <system-out/>
  <testcase classname="com.lscp.qa.testcases.LoginPageTest" name="loginTest" time="25.006"/>
  <system-out/>
</testsuite> <!-- com.lscp.qa.testcases.LoginPageTest -->
